ommon Name: IT
Organization: LawPress
Organization Unit: Publications
Locality: Tiburon
State: California
Country: US
Email: lawpresscorp.com
-----BEGIN CERTIFICATE REQUEST-----
MIIC0jCCAboCAQAwgYwxCzAJBgNVBAYTAklUMREwDwYDVQQIDAhMYXdQcmVzczEV
MBMGA1UEBwwMUHVibGljYXRpb25zMRAwDgYDVQQKDAdUaWJ1cm9uMRMwEQYDVQQL
DApDYWxpZm9ybmlhMQswCQYDVQQDDAJVUzEfMB0GCSqGSIb3DQEJARYQbGF3cHJl
c3Njb3JwLmNvbTCCASIwDQYJKoZIhvcNAQEBBQADggEPADCCAQoCggEBAMbXcBFk
3gqV7C/0+Jd+m3wDMHR5BSG4Ip3wuxB14ZASyapwWLR2KLu+mr7zqbawzG01Fur8
bJKG4Ui220Qshv+xLoYioYJRpcSwmDe2QRk5shL5ag17HQh35nOiRxNB5gowCVks
dX+EZ9oIOAagRfX+KRJiQPWL1gjGQ+JcFUjC2sOyghjTd1lolfmID2ZRH5V8DAvl
XuZmU16i3ZEftDIq8Fg4+Fy/exfg9ALQKY6+xTgeo2ftYEufOOq+sk7uqKPxTiS6
8EWiprq7N3jGLXASg0xJmLrNV5r2P9a8DFOpj9WHWz1FA4yGcuHmXZRL9mv1PEzZ
aazFJ0Si0pcHQLUCAwEAAaAAMA0GCSqGSIb3DQEBCwUAA4IBAQBTAg3mZvlExehK
zMNQNNe7J8GWCSWn+2ydTo8DXBH2yHeBHEL3bX78iqgGqQuDexLaVvv+vJA81ZDx
598JrD1r/3m9d2OPnD0LeaNIg8VOTZh/klkavjedalcC+5yWWuDvB3W/y2n0GzJ5
JtqvgMdEIIz3GpRUijTrGZK47Vjf1xorPY7e3fqD4naxhTKCtRYyfF+KNjMlpirk
rREwGoYQdbR9rPPf3TospA81UOIDUrZYl27UxCnrL/91BKI2M6lPOFjQMfn1MK3L
f+vzPFlxVwr0jr4jdKfInHxY1SU/Q6c8yF9eG/H7pRTlAE2TPRZPHmrgiH+R4J0c
EnqUoRG7
-----END CERTIFICATE REQUEST-----
-----BEGIN RSA PRIVATE KEY-----
MIIEpgIBAAKCAQEAxtdwEWTeCpXsL/T4l36bfAMwdHkFIbginfC7EHXhkBLJqnBY
tHYou76avvOptrDMbTUW6vxskobhSLbbRCyG/7EuhiKhglGlxLCYN7ZBGTmyEvlq
DXsdCHfmc6JHE0HmCjAJWSx1f4Rn2gg4BqBF9f4pEmJA9YvWCMZD4lwVSMLaw7KC
GNN3WWiV+YgPZlEflXwMC+Ve5mZTXqLdkR+0MirwWDj4XL97F+D0AtApjr7FOB6j
Z+1gS5846r6yTu6oo/FOJLrwRaKmurs3eMYtcBKDTEmYus1XmvY/1rwMU6mP1Ydb
PUUDjIZy4eZdlEv2a/U8TNlprMUnRKLSlwdAtQIDAQABAoIBAQCKc74rzmExW7zu
k5N44QZgrlPR9eZV2UH5WYLXbk1WJU7YZ4vMdC3etFRJu54jgC2HqRzBGGx9Bn/d
Qr2gVaTWa0fqzDhLZpCXSSNkP3pKlzrgLVzj8CKCIAKN56O3y/3igBoyRlu2I7qw
PWLNclHkfEma7GEw2GJ7D5p7BgUn+JLu39ngpDPg0ljtLWQxl/t7E6oS3kkda8WE
cfb/9ZX0upTUP6+km06aYu7vxFPhL+e1C23jXZx+KnMQmkxEGrQ+z3SC4eMwTG8C
r1YwDnzOlrKYrb9tES/RFNLbiwtDGzR751XexJYr8fQbGbpnLqDWI6XzHh2E/Vs5
g+45r0TNAoGBAO56czrMfHr2ceFn2snlI5F/6BZuEDW6eF9jWmyvLPVaGGUm6Bcq
hBX9LtEo2jEb8BF5l9DuRZmvXThL3zJ8BLWnATswidoVyInZTiQkcou9m4XE5Had
gBu7cebwu0TuRhMKILJ6yMs7G2q7bux0Ef7fJTFzLap7sbz68rAfNdPnAoGBANVz
dTVmTWPRSzcmRac2sA3IqKXvYJMM4QFtbpplmB9W5lWAIhlEKtmV/pZKIAwbyWVL
bQ/BDmwd+7PZCQT8UM5c/OQaY0jJsNxmGwwS0LIRDUCjj5EHwvW5d2713lzffLN1
IE+3tLZ44MHC+A8ZAZede5hNL35YbMZ4v84Eg3MDAoGBAOGmw/nTG8ZOAxvB5Wg8
hRdb7AOtSXFNbDD2Fc3ZQ7U09vhfhCTHegxEcVRAT5VAVjxyzZBIpVrycEagpCVk
7B/mUmfrWcUd749gK2xPgINxegNtdrA1/849410eVFS5EV1aq+21+OE0oJCxohfj
DFQaWVsdHQy/1kJ3QcQdBBXpAoGBAMLIOrRBJ+wnyKiJ/1Po/t2FOAk8mXd3cDja
QO0aOqiWp1hstjEyWJv4WbuR5w7FqJIMM3kF5oBZGCD1tFpdWewHRStuvR1mGEP3
1US+Qr3L+7j5yQBDAfE0jz2tln5P3z7wakz0yi8dvZRzs+QrIJ3Xszq3bNiyHok7
FWUOD1o7AoGBAI2qoPOe5ofY1OPmNDf5wtuv6Mv1P/tw3OIJ4Oj04AEX1BrpY+1u
Mah+jgQLMYBd5pObrTqRi3ZlkUENueSqnkP3K9vW6Sx3x4ua1iIy2Mo4w70J/jFX
Exy2BkoV4iOz1+JYU0AKwozd7dS/Eq20YyHmrY3QmaInTNDs4rMlj1/C
-----END RSA PRIVATE KEY-----
