
[32m========================================================================[0m

['thearnoldgroup.us', 'THEARNOLDGROUP.US']

========================================================================

2020-03-24 23:59:59
None

========================================================================

clientUpdateProhibited https://icann.org/epp#clientUpdateProhibited
clientRenewProhibited https://icann.org/epp#clientRenewProhibited
clientDeleteProhibited https://icann.org/epp#clientDeleteProhibited
clientTransferProhibited https://icann.org/epp#clientTransferProhibited
clientTransferProhibited http://www.icann.org/epp#clientTransferProhibited
clientUpdateProhibited http://www.icann.org/epp#clientUpdateProhibited
clientRenewProhibited http://www.icann.org/epp#clientRenewProhibited
clientDeleteProhibited http://www.icann.org/epp#clientDeleteProhibited

========================================================================
========================================================================
========================================================================
========================================================================

a.dns.hostway.net
b.dns.hostway.net
A.DNS.HOSTWAY.NET
B.DNS.HOSTWAY.NET

========================================================================
========================================================================
========================================================================
========================================================================

96.30.21.72
========================================================================
0 thearnoldgroup-us.mail.protection.outlook.com.
207.46.163.42
207.46.163.74
========================================================================
========================================================================
========================================================================
[31m========================================================================[0m


[32m========================================================================[0m

['ZANSHINGROUP.COM', 'ZanshinGroup.com']

========================================================================

2018-10-06 18:09:03
DropCatch.com 384 LLC

========================================================================

clientTransferProhibited https://icann.org/epp#clientTransferProhibited
clientTransferProhibited

========================================================================
========================================================================
========================================================================
========================================================================

NSG1.NAMEBRIGHTDNS.COM
NSG2.NAMEBRIGHTDNS.COM
nsg1.namebrightdns.com
nsg2.namebrightdns.com

========================================================================
========================================================================
========================================================================
========================================================================

52.72.89.116
54.174.212.152
========================================================================

[32m========================================================================[0m

['MYNICABAGS.COM', 'mynicabags.com']

========================================================================

2019-03-07 04:14:46
GoDaddy.com, LLC

========================================================================

clientDeleteProhibited https://icann.org/epp#clientDeleteProhibited
clientRenewProhibited https://icann.org/epp#clientRenewProhibited
clientTransferProhibited https://icann.org/epp#clientTransferProhibited
clientUpdateProhibited https://icann.org/epp#clientUpdateProhibited
clientTransferProhibited http://www.icann.org/epp#clientTransferProhibited
clientUpdateProhibited http://www.icann.org/epp#clientUpdateProhibited
clientRenewProhibited http://www.icann.org/epp#clientRenewProhibited
clientDeleteProhibited http://www.icann.org/epp#clientDeleteProhibited

========================================================================
========================================================================
========================================================================
========================================================================

ADNS.CS.SITEPROTECT.COM
BDNS.CS.SITEPROTECT.COM

========================================================================
========================================================================
========================================================================
========================================================================

64.41.83.171
========================================================================
10 mail.mynicabags.com.
64.26.60.153
========================================================================
========================================================================
========================================================================
[31m========================================================================[0m


[32m========================================================================[0m

['MYNICABAGS.COM', 'mynicabags.com']

========================================================================

2019-03-07 04:14:46
GoDaddy.com, LLC

========================================================================

clientDeleteProhibited https://icann.org/epp#clientDeleteProhibited
clientRenewProhibited https://icann.org/epp#clientRenewProhibited
clientTransferProhibited https://icann.org/epp#clientTransferProhibited
clientUpdateProhibited https://icann.org/epp#clientUpdateProhibited
clientTransferProhibited http://www.icann.org/epp#clientTransferProhibited
clientUpdateProhibited http://www.icann.org/epp#clientUpdateProhibited
clientRenewProhibited http://www.icann.org/epp#clientRenewProhibited
clientDeleteProhibited http://www.icann.org/epp#clientDeleteProhibited

========================================================================
========================================================================
========================================================================
========================================================================

ADNS.CS.SITEPROTECT.COM
BDNS.CS.SITEPROTECT.COM

========================================================================
========================================================================
========================================================================
========================================================================

64.41.83.171
========================================================================
10 mail.mynicabags.com.
64.26.60.153
========================================================================
========================================================================
========================================================================
[31m========================================================================[0m


[32m========================================================================[0m

RELATIONSHIPSCA.ORG

========================================================================

2018-06-09 18:17:45
GoDaddy.com, LLC

========================================================================

clientDeleteProhibited https://icann.org/epp#clientDeleteProhibited
clientRenewProhibited https://icann.org/epp#clientRenewProhibited
clientTransferProhibited https://icann.org/epp#clientTransferProhibited
clientUpdateProhibited https://icann.org/epp#clientUpdateProhibited
clientTransferProhibited http://www.icann.org/epp#clientTransferProhibited
clientUpdateProhibited http://www.icann.org/epp#clientUpdateProhibited
clientRenewProhibited http://www.icann.org/epp#clientRenewProhibited
clientDeleteProhibited http://www.icann.org/epp#clientDeleteProhibited

========================================================================
========================================================================
========================================================================
========================================================================

PHIL.NS.CLOUDFLARE.COM
ELLE.NS.CLOUDFLARE.COM

========================================================================
========================================================================
========================================================================
========================================================================

66.116.109.62
========================================================================
5 smtp2.myonlinedata.net.
64.78.61.164
========================================================================
========================================================================
========================================================================
[31m========================================================================[0m


[32m========================================================================[0m

dmn.ca

========================================================================

2019-02-01 00:00:00
None

========================================================================


[32m========================================================================[0m

dmn.ca

========================================================================

2019-02-01 00:00:00
None

========================================================================


[32m========================================================================[0m

DPAACOUSTICS.NET

========================================================================

2021-09-13 20:42:42
NETWORK SOLUTIONS, LLC.

========================================================================

c
l
i
e
n
t
T
r
a
n
s
f
e
r
P
r
o
h
i
b
i
t
e
d
 
h
t
t
p
s
:
/
/
i
c
a
n
n
.
o
r
g
/
e
p
p
#
c
l
i
e
n
t
T
r
a
n
s
f
e
r
P
r
o
h
i
b
i
t
e
d

========================================================================
========================================================================
========================================================================
========================================================================

NS.VALUEWEB.NET
NS2.VALUEWEB.NET

========================================================================
========================================================================
========================================================================
========================================================================

64.71.33.98
========================================================================
10 mx.dpaacoustics.net.
64.26.60.153
========================================================================
========================================================================
========================================================================
[31m========================================================================[0m


[32m========================================================================[0m

DPAACOUSTICS.NET

========================================================================

2021-09-13 20:42:42
NETWORK SOLUTIONS, LLC.

========================================================================

c
l
i
e
n
t
T
r
a
n
s
f
e
r
P
r
o
h
i
b
i
t
e
d
 
h
t
t
p
s
:
/
/
i
c
a
n
n
.
o
r
g
/
e
p
p
#
c
l
i
e
n
t
T
r
a
n
s
f
e
r
P
r
o
h
i
b
i
t
e
d

========================================================================
========================================================================
========================================================================
========================================================================

NS.VALUEWEB.NET
NS2.VALUEWEB.NET

========================================================================
========================================================================
========================================================================
========================================================================

64.71.33.98
========================================================================
10 mx.dpaacoustics.net.
64.26.60.153
========================================================================
========================================================================
========================================================================
[31m========================================================================[0m


[32m========================================================================[0m

['SERVIAC.NET', 'serviac.net']

========================================================================

2020-11-01 20:26:43
DOMAINPEOPLE, INC.

========================================================================

clientTransferProhibited https://icann.org/epp#clientTransferProhibited
clienttransferprohibited https://www.icann.org/epp#clienttransferprohibited

========================================================================
========================================================================
========================================================================
========================================================================

A.DNS.HOSTWAY.NET
B.DNS.HOSTWAY.NET

========================================================================
========================================================================
========================================================================
========================================================================

192.185.189.152
========================================================================
10 mail.serviac.net.
64.26.60.153
========================================================================
========================================================================
========================================================================
[31m========================================================================[0m


[32m========================================================================[0m

['SERVIAC.NET', 'serviac.net']

========================================================================

2020-11-01 20:26:43
DOMAINPEOPLE, INC.

========================================================================

clientTransferProhibited https://icann.org/epp#clientTransferProhibited
clienttransferprohibited https://www.icann.org/epp#clienttransferprohibited

========================================================================
========================================================================
========================================================================
========================================================================

A.DNS.HOSTWAY.NET
B.DNS.HOSTWAY.NET

========================================================================
========================================================================
========================================================================
========================================================================

192.185.189.152
========================================================================
10 mail.serviac.net.
64.26.60.153
========================================================================
========================================================================
========================================================================
[31m========================================================================[0m

